Determining if the pthread_create exist failed with the following output:
Change Dir: /home/zyw/catkin_ws/src/camvox/isee-camvox/build/CMakeFiles/CMakeTmp

Run Build Command:"/usr/bin/make" "cmTC_172c4/fast"
/usr/bin/make -f CMakeFiles/cmTC_172c4.dir/build.make CMakeFiles/cmTC_172c4.dir/build
make[1]: Entering directory '/home/zyw/catkin_ws/src/camvox/isee-camvox/build/CMakeFiles/CMakeTmp'
Building C object CMakeFiles/cmTC_172c4.dir/CheckSymbolExists.c.o
/usr/bin/x86_64-linux-gnu-gcc-5    -Wall  -O3 -march=native     -o CMakeFiles/cmTC_172c4.dir/CheckSymbolExists.c.o   -c /home/zyw/catkin_ws/src/camvox/isee-camvox/build/CMakeFiles/CMakeTmp/CheckSymbolExists.c
Linking C executable cmTC_172c4
/usr/bin/cmake -E cmake_link_script CMakeFiles/cmTC_172c4.dir/link.txt --verbose=1
/usr/bin/x86_64-linux-gnu-gcc-5    -Wall  -O3 -march=native      CMakeFiles/cmTC_172c4.dir/CheckSymbolExists.c.o  -o cmTC_172c4 -rdynamic 
CMakeFiles/cmTC_172c4.dir/CheckSymbolExists.c.o：在函数‘main’中：
CheckSymbolExists.c:(.text.startup+0x6)：对‘pthread_create’未定义的引用
collect2: error: ld returned 1 exit status
CMakeFiles/cmTC_172c4.dir/build.make:97: recipe for target 'cmTC_172c4' failed
make[1]: *** [cmTC_172c4] Error 1
make[1]: Leaving directory '/home/zyw/catkin_ws/src/camvox/isee-camvox/build/CMakeFiles/CMakeTmp'
Makefile:126: recipe for target 'cmTC_172c4/fast' failed
make: *** [cmTC_172c4/fast] Error 2

File /home/zyw/catkin_ws/src/camvox/isee-camvox/build/CMakeFiles/CMakeTmp/CheckSymbolExists.c:
/* */
#include <pthread.h>

int main(int argc, char** argv)
{
  (void)argv;
#ifndef pthread_create
  return ((int*)(&pthread_create))[argc];
#else
  (void)argc;
  return 0;
#endif
}

Determining if the function pthread_create exists in the pthreads failed with the following output:
Change Dir: /home/zyw/catkin_ws/src/camvox/isee-camvox/build/CMakeFiles/CMakeTmp

Run Build Command:"/usr/bin/make" "cmTC_89267/fast"
/usr/bin/make -f CMakeFiles/cmTC_89267.dir/build.make CMakeFiles/cmTC_89267.dir/build
make[1]: Entering directory '/home/zyw/catkin_ws/src/camvox/isee-camvox/build/CMakeFiles/CMakeTmp'
Building C object CMakeFiles/cmTC_89267.dir/CheckFunctionExists.c.o
/usr/bin/x86_64-linux-gnu-gcc-5    -Wall  -O3 -march=native  -DCHECK_FUNCTION_EXISTS=pthread_create   -o CMakeFiles/cmTC_89267.dir/CheckFunctionExists.c.o   -c /usr/share/cmake-3.5/Modules/CheckFunctionExists.c
Linking C executable cmTC_89267
/usr/bin/cmake -E cmake_link_script CMakeFiles/cmTC_89267.dir/link.txt --verbose=1
/usr/bin/x86_64-linux-gnu-gcc-5    -Wall  -O3 -march=native  -DCHECK_FUNCTION_EXISTS=pthread_create    CMakeFiles/cmTC_89267.dir/CheckFunctionExists.c.o  -o cmTC_89267 -rdynamic -lpthreads 
/usr/bin/ld: 找不到 -lpthreads
collect2: error: ld returned 1 exit status
CMakeFiles/cmTC_89267.dir/build.make:97: recipe for target 'cmTC_89267' failed
make[1]: *** [cmTC_89267] Error 1
make[1]: Leaving directory '/home/zyw/catkin_ws/src/camvox/isee-camvox/build/CMakeFiles/CMakeTmp'
Makefile:126: recipe for target 'cmTC_89267/fast' failed
make: *** [cmTC_89267/fast] Error 2


